<?xml version="1.0" encoding="UTF-8"?>
<!-- Generated by org.testng.reporters.JUnitReportReporter -->
<testsuite hostname="DESKTOP-UJQAFN8" failures="0" tests="1" name="com.nopCommerceDemo.TestCases.TestDemo" time="0.007" errors="0" timestamp="2022-06-27T14:54:30 IST" skipped="0">
  <testcase classname="com.nopCommerceDemo.TestCases.TestDemo" name="print" time="0.007"/>
  <system-out>
    <![CDATA[Hello]]>
  </system-out>
</testsuite> <!-- com.nopCommerceDemo.TestCases.TestDemo -->
