<?xml version="1.0" encoding="UTF-8"?>
<!-- Generated by org.testng.reporters.JUnitReportReporter -->
<testsuite hostname="DESKTOP-UJQAFN8" failures="0" tests="2" name="com.nopCommerceDemo.testCases.TC_AddCustomer_003" time="8.886" errors="0" timestamp="2022-07-01T17:15:45 IST" skipped="0">
  <testcase classname="com.nopCommerceDemo.testCases.TC_AddCustomer_003" name="login" time="4.399"/>
  <system-out/>
  <testcase classname="com.nopCommerceDemo.testCases.TC_AddCustomer_003" name="addCustomerTest" time="4.487"/>
  <system-out/>
</testsuite> <!-- com.nopCommerceDemo.testCases.TC_AddCustomer_003 -->
