<?xml version="1.0" encoding="UTF-8"?>
<!-- Generated by org.testng.reporters.JUnitReportReporter -->
<testsuite hostname="DESKTOP-UJQAFN8" failures="0" tests="2" name="com.nopCommerceDemo.testCases.TC_SearchCustomer" time="5.481" errors="0" timestamp="2022-07-01T17:15:45 IST" skipped="0">
  <testcase classname="com.nopCommerceDemo.testCases.TC_SearchCustomer" name="login" time="3.531"/>
  <system-out/>
  <testcase classname="com.nopCommerceDemo.testCases.TC_SearchCustomer" name="searchCustomer" time="1.950"/>
  <system-out/>
</testsuite> <!-- com.nopCommerceDemo.testCases.TC_SearchCustomer -->
