<?xml version="1.0" encoding="UTF-8"?>
<!-- Generated by org.testng.reporters.JUnitReportReporter -->
<testsuite hostname="DESKTOP-UJQAFN8" failures="0" tests="2" name="com.nopCommerceDemo.testCases.TC_Customer_MandatoryCheck_002" time="7.533" errors="0" timestamp="2022-06-28T16:40:03 IST" skipped="0">
  <testcase classname="com.nopCommerceDemo.testCases.TC_Customer_MandatoryCheck_002" name="login" time="3.588"/>
  <system-out/>
  <testcase classname="com.nopCommerceDemo.testCases.TC_Customer_MandatoryCheck_002" name="customerMandatoryCheck" time="3.945"/>
  <system-out/>
</testsuite> <!-- com.nopCommerceDemo.testCases.TC_Customer_MandatoryCheck_002 -->
