<?xml version="1.0" encoding="UTF-8"?>
<!-- Generated by org.testng.reporters.JUnitReportReporter -->
<testsuite hostname="DESKTOP-UJQAFN8" failures="0" tests="1" name="com.nopCommerceDemo.testCases.TC_LoginTest_001" time="4.875" errors="0" timestamp="2022-06-28T11:26:04 IST" skipped="0">
  <testcase classname="com.nopCommerceDemo.testCases.TC_LoginTest_001" name="login" time="4.875"/>
  <system-out/>
</testsuite> <!-- com.nopCommerceDemo.testCases.TC_LoginTest_001 -->
